<?xml version="1.0" encoding="UTF-8"?>
<!-- Generated by org.testng.reporters.JUnitXMLReporter -->
<testsuite hostname="Ankurs-MacBook-Air.local" ignored="0" name="Default test" tests="4" failures="0" timestamp="08 Aug 2017 16:59:23 GMT" time="5.32" errors="0">
  <testcase name="@BeforeMethod testSetup" time="0.0" classname="TestNG.TestAnnotaion">
    <failure type="org.testng.TestNGException" message="
Can inject only one of &amp;lt;ITestContext, XmlTest, Method, Object[]&amp;gt; into a BeforeMethod annotated testSetup.
For more information on native dependency injection please refer to http://testng.org/doc/documentation-main.html#native-dependency-injection">
      <![CDATA[org.testng.TestNGException: 
Can inject only one of <ITestContext, XmlTest, Method, Object[]> into a BeforeMethod annotated testSetup.
For more information on native dependency injection please refer to http://testng.org/doc/documentation-main.html#native-dependency-injection
	at org.testng.internal.Parameters.checkParameterTypes(Parameters.java:244)
	at org.testng.internal.Parameters.createParameters(Parameters.java:172)
	at org.testng.internal.Parameters.createParameters(Parameters.java:458)
	at org.testng.internal.Parameters.createConfigurationParameters(Parameters.java:118)
	at org.testng.internal.Invoker.invokeConfigurations(Invoker.java:206)
	at org.testng.internal.Invoker.invokeMethod(Invoker.java:599)
	at org.testng.internal.Invoker.invokeTestMethod(Invoker.java:869)
	at org.testng.internal.Invoker.invokeTestMethods(Invoker.java:1193)
	at org.testng.internal.TestMethodWorker.invokeTestMethods(TestMethodWorker.java:126)
	at org.testng.internal.TestMethodWorker.run(TestMethodWorker.java:109)
	at org.testng.TestRunner.privateRun(TestRunner.java:744)
	at org.testng.TestRunner.run(TestRunner.java:602)
	at org.testng.SuiteRunner.runTest(SuiteRunner.java:380)
	at org.testng.SuiteRunner.runSequentially(SuiteRunner.java:375)
	at org.testng.SuiteRunner.privateRun(SuiteRunner.java:340)
	at org.testng.SuiteRunner.run(SuiteRunner.java:289)
	at org.testng.SuiteRunnerWorker.runSuite(SuiteRunnerWorker.java:52)
	at org.testng.SuiteRunnerWorker.run(SuiteRunnerWorker.java:86)
	at org.testng.TestNG.runSuitesSequentially(TestNG.java:1301)
	at org.testng.TestNG.runSuitesLocally(TestNG.java:1226)
	at org.testng.TestNG.runSuites(TestNG.java:1144)
	at org.testng.TestNG.run(TestNG.java:1115)
	at org.testng.remote.AbstractRemoteTestNG.run(AbstractRemoteTestNG.java:132)
	at org.testng.remote.RemoteTestNG.initAndRun(RemoteTestNG.java:230)
	at org.testng.remote.RemoteTestNG.main(RemoteTestNG.java:76)
]]>
    </failure>
  </testcase> <!-- @BeforeMethod testSetup -->
  <testcase name="@BeforeMethod testSetup" time="0.0" classname="TestNG.TestAnnotaion">
    <skipped/>
  </testcase> <!-- @BeforeMethod testSetup -->
  <testcase name="@BeforeMethod testSetup" time="0.0" classname="TestNG.TestAnnotaion">
    <skipped/>
  </testcase> <!-- @BeforeMethod testSetup -->
  <testcase name="@BeforeMethod testSetup" time="0.0" classname="TestNG.TestAnnotaion">
    <skipped/>
  </testcase> <!-- @BeforeMethod testSetup -->
  <testcase name="invalidLoginValidation" time="0.0" classname="TestNG.TestAnnotaion">
    <skipped/>
  </testcase> <!-- invalidLoginValidation -->
  <testcase name="invalidLoginValidation" time="0.0" classname="TestNG.TestAnnotaion">
    <skipped/>
  </testcase> <!-- invalidLoginValidation -->
  <testcase name="loginToApplication" time="0.0" classname="TestNG.TestAnnotaion">
    <skipped/>
  </testcase> <!-- loginToApplication -->
  <testcase name="loginToApplication" time="0.0" classname="TestNG.TestAnnotaion">
    <skipped/>
  </testcase> <!-- loginToApplication -->
</testsuite> <!-- Default test -->
